[debug] [2021-03-03T06:04:40.626Z] ----------------------------------------------------------------------
[debug] [2021-03-03T06:04:40.630Z] Command:       C:\Program Files\nodejs\node.exe C:\Users\M1054636\AppData\Roaming\npm\node_modules\firebase-tools\lib\bin\firebase.js login
[debug] [2021-03-03T06:04:40.631Z] CLI Version:   9.5.0
[debug] [2021-03-03T06:04:40.631Z] Platform:      win32
[debug] [2021-03-03T06:04:40.631Z] Node Version:  v10.16.2
[debug] [2021-03-03T06:04:40.636Z] Time:          Wed Mar 03 2021 11:34:40 GMT+0530 (India Standard Time)
[debug] [2021-03-03T06:04:40.636Z] ----------------------------------------------------------------------
[debug] [2021-03-03T06:04:40.636Z] 
[debug] [2021-03-03T06:04:40.644Z] >>> [apiv2][query] GET https://firebase-public.firebaseio.com/cli.json [none]
[info] i  Firebase optionally collects CLI usage and error reporting information to help improve our products. Data is collected in accordance with Google's privacy policy (https://policies.google.com/privacy) and is not used to identify you.
 
[debug] [2021-03-03T06:04:41.781Z] <<< [apiv2][status] GET https://firebase-public.firebaseio.com/cli.json 200
[debug] [2021-03-03T06:04:41.781Z] <<< [apiv2][body] GET https://firebase-public.firebaseio.com/cli.json {"cloudBuildErrorAfter":1594252800000,"cloudBuildWarnAfter":1590019200000,"defaultNode10After":1594252800000,"minVersion":"3.0.5","node8DeploysDisabledAfter":1613390400000,"node8RuntimeDisabledAfter":1615809600000,"node8WarnAfter":1600128000000}
[info] i  To change your data collection preference at any time, run `firebase logout` and log in again. 
[info] 
[info] Visit this URL on this device to log in:
[info] https://accounts.google.com/o/oauth2/auth?client_id=563584335869-fgrhgmd47bqnekij5i8b5pr03ho849e6.apps.googleusercontent.com&scope=email%20openid%20https%3A%2F%2Fwww.googleapis.com%2Fauth%2Fcloudplatformprojects.readonly%20https%3A%2F%2Fwww.googleapis.com%2Fauth%2Ffirebase%20https%3A%2F%2Fwww.googleapis.com%2Fauth%2Fcloud-platform&response_type=code&state=915307628&redirect_uri=http%3A%2F%2Flocalhost%3A9005
[info] 
[info] Waiting for authentication...
[debug] [2021-03-03T06:04:48.339Z] Error: spawn cmd ENOENT
    at Process.ChildProcess._handle.onexit (internal/child_process.js:240:19)
    at onErrorNT (internal/child_process.js:415:16)
    at process._tickCallback (internal/process/next_tick.js:63:19)
[error] 
[error] Error: An unexpected error has occurred.
[debug] [2021-03-03T06:05:10.524Z] ----------------------------------------------------------------------
[debug] [2021-03-03T06:05:10.529Z] Command:       C:\Program Files\nodejs\node.exe C:\Users\M1054636\AppData\Roaming\npm\node_modules\firebase-tools\lib\bin\firebase.js login
[debug] [2021-03-03T06:05:10.530Z] CLI Version:   9.5.0
[debug] [2021-03-03T06:05:10.530Z] Platform:      win32
[debug] [2021-03-03T06:05:10.530Z] Node Version:  v10.16.2
[debug] [2021-03-03T06:05:10.535Z] Time:          Wed Mar 03 2021 11:35:10 GMT+0530 (India Standard Time)
[debug] [2021-03-03T06:05:10.535Z] ----------------------------------------------------------------------
[debug] [2021-03-03T06:05:10.535Z] 
[info] i  Firebase optionally collects CLI usage and error reporting information to help improve our products. Data is collected in accordance with Google's privacy policy (https://policies.google.com/privacy) and is not used to identify you.
 
[info] 
[info] Visit this URL on this device to log in:
[info] https://accounts.google.com/o/oauth2/auth?client_id=563584335869-fgrhgmd47bqnekij5i8b5pr03ho849e6.apps.googleusercontent.com&scope=email%20openid%20https%3A%2F%2Fwww.googleapis.com%2Fauth%2Fcloudplatformprojects.readonly%20https%3A%2F%2Fwww.googleapis.com%2Fauth%2Ffirebase%20https%3A%2F%2Fwww.googleapis.com%2Fauth%2Fcloud-platform&response_type=code&state=45367725&redirect_uri=http%3A%2F%2Flocalhost%3A9005
[info] 
[info] Waiting for authentication...
[debug] [2021-03-03T06:05:15.241Z] Error: spawn cmd ENOENT
    at Process.ChildProcess._handle.onexit (internal/child_process.js:240:19)
    at onErrorNT (internal/child_process.js:415:16)
    at process._tickCallback (internal/process/next_tick.js:63:19)
[error] 
[error] Error: An unexpected error has occurred.
